<?xml version="1.0" encoding="utf-8"?><testsuites><testsuite errors="0" failures="0" hostname="dikshant-pc" name="pytest" skipped="0" tests="8" time="57.700" timestamp="2021-05-21T00:46:04.417016"><testcase classname="smarts.core.tests.test_python_version" name="test_python_version" time="0.003" /><testcase classname="smarts.core.tests.test_dynamics_backend" name="test_set_pose" time="0.034" /><testcase classname="smarts.core.tests.test_sumo_version" name="test_sumo_version" time="0.800" /><testcase classname="smarts.core.tests.test_sensors" name="test_waypoints_sensor" time="0.191" /><testcase classname="smarts.core.tests.test_smarts" name="test_smarts_doesnt_leak_tasks_after_reset" time="6.371" /><testcase classname="smarts.env.tests.test_social_agent" name="test_social_agents" time="17.536" /><testcase classname="tests.test_examples" name="test_examples[multi_agent]" time="21.703" /><testcase classname="tests.test_examples" name="test_multi_instance_example" time="13.346" /></testsuite></testsuites>